484 35 -1
348 22 0
707 31 -1
393 75 -1
875 -1 -1
197 -1 -1
403 18 4
346 25 4
901 74 -1
435 -1 -1
397 40 -1
390 23 -1
276 -1 -1
313 50 -1
379 0 22
121 -1 -1
538 -1 -1
560 -1 -1
467 2 -1
749 -1 -1
817 -1 -1
686 26 -1
533 21 37
755 145 -1
245 11 60
508 29 -1
830 -1 -1
319 7 21
277 1 -1
514 60 90
964 -1 -1
773 -1 -1
989 -1 -1
924 -1 -1
727 -1 26
573 85 26
602 -1 -1
590 -1 -1
647 -1 -1
500 -1 29
446 19 -1
261 7 -1
692 -1 -1
283 11 133
974 -1 -1
378 0 -1
678 -1 -1
780 -1 4
695 -1 -1
731 -1 -1
878 -1 -1
238 -1 100
371 -1 -1
280 -1 -1
250 -1 32
281 27 -1
459 -1 -1
211 27 -1
399 -1 -1
849 -1 -1
649 59 -1
358 -1 -1
311 -1 -1
137 -1 -1
975 -1 -1
220 23 -1
266 23 -1
566 -1 -1
756 -1 -1
212 19 -1
100 -1 28
921 -1 -1
297 33 -1
620 143 -1
938 -1 30
405 77 -1
549 -1 -1
440 0 123
869 8 -1
721 -1 32
462 -1 -1
981 -1 -1
810 78 -1
579 -1 -1
564 -1 -1
736 82 -1
347 3 -1
223 2 -1
833 -1 -1
304 -1 -1
837 -1 -1
102 -1 -1
796 -1 -1
709 -1 -1
739 -1 -1
799 -1 -1
698 -1 -1
357 -1 -1
942 -1 -1
375 -1 -1
482 30 -1
930 -1 -1
777 -1 -1
693 -1 -1
890 -1 -1
406 -1 -1
937 -1 -1
114 33 84
700 -1 -1
165 -1 147
820 64 -1
929 -1 -1
450 -1 -1
127 -1 3
895 33 -1
179 -1 -1
728 -1 -1
306 17 -1
852 -1 -1
148 -1 -1
120 -1 -1
205 -1 -1
416 -1 -1
542 -1 -1
627 -1 -1
970 -1 -1
291 -1 -1
376 -1 -1
436 -1 -1
888 -1 -1
935 -1 -1
710 -1 -1
310 -1 -1
441 -1 -1
156 -1 -1
210 -1 -1
909 -1 -1
506 -1 -1
138 -1 -1
257 -1 -1
894 -1 -1
278 23 36
429 -1 -1
662 -1 -1
638 -1 -1
769 32 -1
163 -1 -1
828 -1 -1
401 -1 -1
747 -1 -1
